0 info it worked if it ends with ok
1 verbose cli [ '/home/ubuntu/.nvm/versions/node/v6.11.2/bin/node',
1 verbose cli   '/home/ubuntu/.nvm/versions/node/v6.11.2/bin/npm',
1 verbose cli   'run',
1 verbose cli   'test-deceaseds' ]
2 info using npm@3.10.10
3 info using node@v6.11.2
4 verbose run-script [ 'pretest-deceaseds', 'test-deceaseds', 'posttest-deceaseds' ]
5 info lifecycle f03@0.0.0~pretest-deceaseds: f03@0.0.0
6 silly lifecycle f03@0.0.0~pretest-deceaseds: no script for pretest-deceaseds, continuing
7 info lifecycle f03@0.0.0~test-deceaseds: f03@0.0.0
8 verbose lifecycle f03@0.0.0~test-deceaseds: unsafe-perm in lifecycle true
9 verbose lifecycle f03@0.0.0~test-deceaseds: PATH: /home/ubuntu/.nvm/versions/node/v6.11.2/lib/node_modules/npm/bin/node-gyp-bin:/home/ubuntu/workspace/node_modules/.bin:/home/ubuntu/.nvm/versions/node/v6.11.2/bin:/usr/local/rvm/gems/ruby-2.4.0/bin:/usr/local/rvm/gems/ruby-2.4.0@global/bin:/usr/local/rvm/rubies/ruby-2.4.0/bin:/mnt/shared/bin:/home/ubuntu/workspace/node_modules/.bin:/home/ubuntu/bin:/usr/local/sbin:/usr/local/bin:/usr/sbin:/usr/bin:/sbin:/bin:/mnt/shared/sbin:/opt/gitl:/opt/go/bin:/mnt/shared/c9/app.nw/bin:/usr/local/rvm/bin
10 verbose lifecycle f03@0.0.0~test-deceaseds: CWD: /home/ubuntu/workspace
11 silly lifecycle f03@0.0.0~test-deceaseds: Args: [ '-c',
11 silly lifecycle   'newman run https://www.getpostman.com/collections/31ca02335b7c99b2415b' ]
12 silly lifecycle f03@0.0.0~test-deceaseds: Returned: code: 1  signal: null
13 info lifecycle f03@0.0.0~test-deceaseds: Failed to exec test-deceaseds script
14 verbose stack Error: f03@0.0.0 test-deceaseds: `newman run https://www.getpostman.com/collections/31ca02335b7c99b2415b`
14 verbose stack Exit status 1
14 verbose stack     at EventEmitter.<anonymous> (/home/ubuntu/.nvm/versions/node/v6.11.2/lib/node_modules/npm/lib/utils/lifecycle.js:255:16)
14 verbose stack     at emitTwo (events.js:106:13)
14 verbose stack     at EventEmitter.emit (events.js:191:7)
14 verbose stack     at ChildProcess.<anonymous> (/home/ubuntu/.nvm/versions/node/v6.11.2/lib/node_modules/npm/lib/utils/spawn.js:40:14)
14 verbose stack     at emitTwo (events.js:106:13)
14 verbose stack     at ChildProcess.emit (events.js:191:7)
14 verbose stack     at maybeClose (internal/child_process.js:891:16)
14 verbose stack     at Process.ChildProcess._handle.onexit (internal/child_process.js:226:5)
15 verbose pkgid f03@0.0.0
16 verbose cwd /home/ubuntu/workspace/public
17 error Linux 4.9.176-c9
18 error argv "/home/ubuntu/.nvm/versions/node/v6.11.2/bin/node" "/home/ubuntu/.nvm/versions/node/v6.11.2/bin/npm" "run" "test-deceaseds"
19 error node v6.11.2
20 error npm  v3.10.10
21 error code ELIFECYCLE
22 error f03@0.0.0 test-deceaseds: `newman run https://www.getpostman.com/collections/31ca02335b7c99b2415b`
22 error Exit status 1
23 error Failed at the f03@0.0.0 test-deceaseds script 'newman run https://www.getpostman.com/collections/31ca02335b7c99b2415b'.
23 error Make sure you have the latest version of node.js and npm installed.
23 error If you do, this is most likely a problem with the f03 package,
23 error not with npm itself.
23 error Tell the author that this fails on your system:
23 error     newman run https://www.getpostman.com/collections/31ca02335b7c99b2415b
23 error You can get information on how to open an issue for this project with:
23 error     npm bugs f03
23 error Or if that isn't available, you can get their info via:
23 error     npm owner ls f03
23 error There is likely additional logging output above.
24 verbose exit [ 1, true ]
